TN:
SF:src\components\common\NotificationMonitor.jsx
FN:5,NotificationMonitor
FN:7,checkAnomalies
FNF:2
FNH:2
FNDA:2,NotificationMonitor
FNDA:4,checkAnomalies
DA:1,1
DA:2,1
DA:3,1
DA:4,1
DA:5,1
DA:6,2
DA:7,2
DA:8,4
DA:9,4
DA:10,4
DA:11,4
DA:12,0
DA:13,0
DA:14,0
DA:15,0
DA:16,0
DA:17,0
DA:18,0
DA:19,0
DA:20,0
DA:21,0
DA:22,0
DA:23,0
DA:24,0
DA:25,0
DA:26,0
DA:27,0
DA:28,0
DA:29,0
DA:30,0
DA:31,0
DA:32,0
DA:33,0
DA:34,0
DA:35,0
DA:36,0
DA:37,0
DA:38,0
DA:39,0
DA:40,0
DA:41,0
DA:42,0
DA:43,0
DA:44,0
DA:45,0
DA:46,0
DA:47,0
DA:48,0
DA:49,0
DA:50,0
DA:51,0
DA:52,0
DA:53,0
DA:54,4
DA:55,2
DA:56,2
DA:57,2
DA:58,2
DA:59,2
DA:60,2
DA:61,2
DA:62,2
DA:63,2
DA:64,2
DA:65,2
DA:66,2
DA:67,2
DA:68,2
DA:69,2
DA:70,1
DA:71,1
LF:71
LH:29
BRDA:5,0,0,2
BRDA:6,1,0,2
BRDA:7,2,0,4
BRDA:11,3,0,0
BRDA:65,4,0,2
BRF:5
BRH:4
end_of_record
TN:
SF:src\components\common\ProtectedRoute.jsx
FN:5,ProtectedRoute
FNF:1
FNH:1
FNDA:2,ProtectedRoute
DA:1,1
DA:2,1
DA:3,1
DA:4,1
DA:5,1
DA:6,2
DA:7,2
DA:8,2
DA:9,1
DA:10,1
DA:11,1
DA:12,1
DA:13,1
DA:14,1
DA:15,1
LF:15
LH:15
BRDA:5,0,0,2
BRDA:8,1,0,1
BRF:2
BRH:2
end_of_record
TN:
SF:src\components\common\Toast.jsx
FN:4,Toast
FN:18,getIcon
FN:31,getColors
FN:68,onClick
FN:89,ToastContainer
FNF:5
FNH:5
FNDA:11,Toast
FNDA:11,getIcon
FNDA:11,getColors
FNDA:1,onClick
FNDA:3,ToastContainer
DA:1,1
DA:2,1
DA:3,1
DA:4,1
DA:5,11
DA:6,11
DA:7,11
DA:8,11
DA:9,11
DA:10,11
DA:11,11
DA:12,11
DA:13,9
DA:14,11
DA:15,11
DA:16,11
DA:17,11
DA:18,11
DA:19,11
DA:20,11
DA:21,6
DA:22,11
DA:23,1
DA:24,11
DA:25,2
DA:26,11
DA:27,2
DA:28,11
DA:29,11
DA:30,11
DA:31,11
DA:32,11
DA:33,11
DA:34,6
DA:35,11
DA:36,1
DA:37,11
DA:38,2
DA:39,11
DA:40,2
DA:41,11
DA:42,11
DA:43,11
DA:44,11
DA:45,11
DA:46,11
DA:47,11
DA:48,11
DA:49,11
DA:50,11
DA:51,11
DA:52,11
DA:53,11
DA:54,11
DA:55,11
DA:56,11
DA:57,11
DA:58,11
DA:59,11
DA:60,11
DA:61,11
DA:62,11
DA:63,11
DA:64,11
DA:65,11
DA:66,11
DA:67,11
DA:68,11
DA:69,11
DA:70,11
DA:71,11
DA:72,11
DA:73,11
DA:74,11
DA:75,11
DA:76,11
DA:77,11
DA:78,11
DA:79,11
DA:80,11
DA:81,11
DA:82,11
DA:83,11
DA:84,11
DA:85,11
DA:86,11
DA:87,11
DA:88,1
DA:89,1
DA:90,3
DA:91,3
DA:92,3
DA:93,3
DA:94,3
DA:95,3
DA:96,3
DA:97,3
DA:98,3
DA:99,3
DA:100,3
DA:101,3
DA:102,3
DA:103,3
DA:104,3
DA:105,3
DA:106,3
DA:107,3
DA:108,3
DA:109,3
DA:110,3
DA:111,3
DA:112,1
DA:113,1
LF:113
LH:113
BRDA:4,0,0,11
BRDA:11,1,0,11
BRDA:12,2,0,9
BRDA:15,3,0,11
BRDA:18,4,0,11
BRDA:20,5,0,6
BRDA:22,6,0,1
BRDA:24,7,0,2
BRDA:26,8,0,2
BRDA:31,9,0,11
BRDA:33,10,0,6
BRDA:35,11,0,1
BRDA:37,12,0,2
BRDA:39,13,0,2
BRDA:68,14,0,1
BRDA:89,15,0,3
BRDA:101,16,0,3
BRF:17
BRH:17
end_of_record
TN:
SF:src\context\SettingsContext.jsx
FN:6,SettingsProvider
FN:12,fetchSettings
FN:41,updateSettings
FN:74,useSettings
FNF:4
FNH:3
FNDA:32,SettingsProvider
FNDA:16,fetchSettings
FNDA:0,updateSettings
FNDA:7,useSettings
DA:1,1
DA:2,1
DA:3,1
DA:4,1
DA:5,1
DA:6,1
DA:7,32
DA:8,32
DA:9,32
DA:10,32
DA:11,32
DA:12,32
DA:13,16
DA:14,16
DA:15,16
DA:16,16
DA:17,16
DA:18,16
DA:19,16
DA:20,15
DA:21,15
DA:22,15
DA:23,16
DA:24,15
DA:25,0
DA:26,15
DA:27,15
DA:28,15
DA:29,16
DA:30,1
DA:31,16
DA:32,16
DA:33,16
DA:34,16
DA:35,32
DA:36,32
DA:37,32
DA:38,16
DA:39,32
DA:40,32
DA:41,32
DA:42,0
DA:43,0
DA:44,0
DA:45,0
DA:46,0
DA:47,0
DA:48,0
DA:49,0
DA:50,0
DA:51,0
DA:52,0
DA:53,0
DA:54,0
DA:55,0
DA:56,0
DA:57,0
DA:58,0
DA:59,0
DA:60,0
DA:61,0
DA:62,0
DA:63,0
DA:64,32
DA:65,32
DA:66,32
DA:67,32
DA:68,32
DA:69,32
DA:70,32
DA:71,32
DA:72,32
DA:73,1
DA:74,1
DA:75,7
DA:76,7
DA:77,4
DA:78,4
DA:79,2
DA:80,2
LF:80
LH:57
BRDA:6,0,0,32
BRDA:12,1,0,16
BRDA:17,2,0,0
BRDA:19,3,0,15
BRDA:23,4,0,15
BRDA:29,5,0,1
BRDA:37,6,0,16
BRDA:74,7,0,7
BRDA:76,8,0,4
BRDA:78,9,0,2
BRF:10
BRH:9
end_of_record
TN:
SF:src\context\UserContext.jsx
FN:6,UserProvider
FN:10,fetchUser
FN:46,refreshUser
FN:50,login
FN:56,logout
FN:68,useUser
FNF:6
FNH:4
FNDA:34,UserProvider
FNDA:16,fetchUser
FNDA:0,refreshUser
FNDA:2,login
FNDA:0,logout
FNDA:38,useUser
DA:1,1
DA:2,1
DA:3,1
DA:4,1
DA:5,1
DA:6,1
DA:7,34
DA:8,34
DA:9,34
DA:10,34
DA:11,16
DA:12,16
DA:13,15
DA:14,15
DA:15,15
DA:16,16
DA:17,1
DA:18,1
DA:19,1
DA:20,1
DA:21,1
DA:22,1
DA:23,1
DA:24,0
DA:25,0
DA:26,1
DA:27,1
DA:28,1
DA:29,1
DA:30,0
DA:31,0
DA:32,16
DA:33,16
DA:34,16
DA:35,16
DA:36,34
DA:37,34
DA:38,17
DA:39,17
DA:40,15
DA:41,17
DA:42,2
DA:43,2
DA:44,34
DA:45,34
DA:46,34
DA:47,0
DA:48,0
DA:49,34
DA:50,34
DA:51,2
DA:52,1
DA:53,1
DA:54,2
DA:55,34
DA:56,34
DA:57,0
DA:58,0
DA:59,0
DA:60,34
DA:61,34
DA:62,34
DA:63,34
DA:64,34
DA:65,34
DA:66,34
DA:67,1
DA:68,1
DA:69,38
DA:70,38
DA:71,4
DA:72,4
DA:73,33
DA:74,33
LF:74
LH:65
BRDA:6,0,0,34
BRDA:10,1,0,16
BRDA:12,2,0,15
BRDA:16,3,0,1
BRDA:23,4,0,0
BRDA:29,5,0,0
BRDA:37,6,0,17
BRDA:39,7,0,15
BRDA:41,8,0,2
BRDA:50,9,0,2
BRDA:51,10,0,1
BRDA:68,11,0,38
BRDA:70,12,0,4
BRDA:72,13,0,33
BRF:14
BRH:12
end_of_record
TN:
SF:src\pages\LoginPage.jsx
FN:10,LoginPage
FN:18,togglePassword
FN:22,handleLogin
FN:86,onChange
FN:100,onChange
FN:139,FeatureItem
FNF:6
FNH:5
FNDA:18,LoginPage
FNDA:0,togglePassword
FNDA:2,handleLogin
FNDA:2,onChange
FNDA:2,onChange
FNDA:64,FeatureItem
DA:1,1
DA:2,1
DA:3,1
DA:4,1
DA:5,1
DA:6,1
DA:7,1
DA:8,1
DA:9,1
DA:10,1
DA:11,18
DA:12,18
DA:13,18
DA:14,18
DA:15,18
DA:16,18
DA:17,18
DA:18,18
DA:19,0
DA:20,0
DA:21,18
DA:22,18
DA:23,2
DA:24,2
DA:25,2
DA:26,2
DA:27,1
DA:28,1
DA:29,1
DA:30,1
DA:31,1
DA:32,2
DA:33,18
DA:34,18
DA:35,18
DA:36,18
DA:37,18
DA:38,18
DA:39,18
DA:40,18
DA:41,18
DA:42,18
DA:43,18
DA:44,18
DA:45,18
DA:46,18
DA:47,18
DA:48,18
DA:49,18
DA:50,18
DA:51,18
DA:52,18
DA:53,18
DA:54,18
DA:55,18
DA:56,18
DA:57,18
DA:58,18
DA:59,18
DA:60,18
DA:61,18
DA:62,18
DA:63,18
DA:64,18
DA:65,18
DA:66,18
DA:67,18
DA:68,18
DA:69,18
DA:70,18
DA:71,18
DA:72,18
DA:73,18
DA:74,18
DA:75,18
DA:76,18
DA:77,18
DA:78,18
DA:79,18
DA:80,18
DA:81,18
DA:82,18
DA:83,18
DA:84,18
DA:85,18
DA:86,18
DA:87,18
DA:88,18
DA:89,18
DA:90,18
DA:91,18
DA:92,18
DA:93,18
DA:94,18
DA:95,18
DA:96,18
DA:97,18
DA:98,18
DA:99,18
DA:100,18
DA:101,18
DA:102,18
DA:103,18
DA:104,18
DA:105,18
DA:106,18
DA:107,18
DA:108,18
DA:109,18
DA:110,18
DA:111,18
DA:112,18
DA:113,18
DA:114,18
DA:115,18
DA:116,18
DA:117,18
DA:118,18
DA:119,18
DA:120,18
DA:121,18
DA:122,18
DA:123,18
DA:124,18
DA:125,18
DA:126,18
DA:127,18
DA:128,18
DA:129,18
DA:130,18
DA:131,18
DA:132,18
DA:133,18
DA:134,18
DA:135,18
DA:136,18
DA:137,18
DA:138,1
DA:139,1
DA:140,64
DA:141,64
DA:142,64
DA:143,64
DA:144,64
DA:145,64
DA:146,64
DA:147,64
DA:148,64
DA:149,1
DA:150,1
DA:151,1
LF:151
LH:149
BRDA:10,0,0,18
BRDA:74,1,0,1
BRDA:96,2,0,0
BRDA:108,3,0,0
BRDA:22,4,0,2
BRDA:26,5,0,1
BRDA:86,6,0,2
BRDA:100,7,0,2
BRDA:139,8,0,64
BRF:9
BRH:7
end_of_record
TN:
SF:src\pages\NotificationPage.jsx
FN:16,NotificationPage
FN:21,fetchNotifications
FN:37,handleNotificationClick
FN:56,getIcon
FN:73,setActiveTab
FN:75,setSearchQuery
FN:87,onClick
FNF:7
FNH:2
FNDA:9,NotificationPage
FNDA:3,fetchNotifications
FNDA:0,handleNotificationClick
FNDA:0,getIcon
FNDA:0,setActiveTab
FNDA:0,setSearchQuery
FNDA:0,onClick
DA:1,1
DA:2,1
DA:3,1
DA:4,1
DA:5,1
DA:6,1
DA:7,1
DA:8,1
DA:9,1
DA:10,1
DA:11,1
DA:12,1
DA:13,1
DA:14,1
DA:15,1
DA:16,1
DA:17,9
DA:18,9
DA:19,9
DA:20,9
DA:21,9
DA:22,3
DA:23,3
DA:24,3
DA:25,3
DA:26,3
DA:27,0
DA:28,3
DA:29,3
DA:30,3
DA:31,3
DA:32,9
DA:33,9
DA:34,3
DA:35,9
DA:36,9
DA:37,9
DA:38,0
DA:39,0
DA:40,0
DA:41,0
DA:42,0
DA:43,0
DA:44,0
DA:45,0
DA:46,0
DA:47,0
DA:48,0
DA:49,0
DA:50,0
DA:51,0
DA:52,0
DA:53,0
DA:54,0
DA:55,9
DA:56,9
DA:57,0
DA:58,0
DA:59,0
DA:60,0
DA:61,0
DA:62,0
DA:63,0
DA:64,0
DA:65,0
DA:66,0
DA:67,0
DA:68,9
DA:69,9
DA:70,9
DA:71,9
DA:72,9
DA:73,9
DA:74,9
DA:75,9
DA:76,9
DA:77,9
DA:78,9
DA:79,9
DA:80,9
DA:81,9
DA:82,9
DA:83,9
DA:84,9
DA:85,9
DA:86,9
DA:87,9
DA:88,9
DA:89,9
DA:90,9
DA:91,9
DA:92,9
DA:93,9
DA:94,9
DA:95,9
DA:96,3
DA:97,3
DA:98,3
DA:99,6
DA:100,6
DA:101,6
DA:102,6
DA:103,6
DA:104,6
DA:105,6
DA:106,6
DA:107,6
DA:108,6
DA:109,6
DA:110,6
DA:111,6
DA:112,6
DA:113,6
DA:114,6
DA:115,0
DA:116,0
DA:117,0
DA:118,0
DA:119,0
DA:120,0
DA:121,0
DA:122,0
DA:123,0
DA:124,0
DA:125,0
DA:126,0
DA:127,0
DA:128,0
DA:129,0
DA:130,0
DA:131,0
DA:132,0
DA:133,0
DA:134,0
DA:135,6
DA:136,6
DA:137,9
DA:138,9
DA:139,9
DA:140,9
DA:141,1
DA:142,1
LF:142
LH:93
BRDA:16,0,0,9
BRDA:70,1,0,0
BRDA:95,2,0,3
BRDA:98,3,0,6
BRDA:114,4,0,0
BRDA:21,5,0,3
BRDA:25,6,0,0
BRDA:26,7,0,0
BRDA:33,8,0,3
BRF:9
BRH:5
end_of_record
TN:
SF:src\pages\SignUpPage.jsx
FN:10,SignUpPage
FN:49,validatePassword
FN:64,getStrengthBarClass
FN:71,handleChange
FN:83,handleSubmit
FN:211,onClick
FN:246,onClick
FN:302,FeatureItem
FNF:8
FNH:6
FNDA:13,SignUpPage
FNDA:6,validatePassword
FNDA:52,getStrengthBarClass
FNDA:3,handleChange
FNDA:1,handleSubmit
FNDA:0,onClick
FNDA:0,onClick
FNDA:52,FeatureItem
DA:1,1
DA:2,1
DA:3,1
DA:4,1
DA:5,1
DA:6,1
DA:7,1
DA:8,1
DA:9,1
DA:10,1
DA:11,13
DA:12,13
DA:13,13
DA:14,13
DA:15,13
DA:16,13
DA:17,13
DA:18,13
DA:19,13
DA:20,13
DA:21,13
DA:22,13
DA:23,13
DA:24,13
DA:25,13
DA:26,13
DA:27,13
DA:28,13
DA:29,13
DA:30,6
DA:31,6
DA:32,6
DA:33,6
DA:34,6
DA:35,1
DA:36,6
DA:37,1
DA:38,1
DA:39,1
DA:40,1
DA:41,6
DA:42,5
DA:43,5
DA:44,5
DA:45,5
DA:46,5
DA:47,13
DA:48,13
DA:49,13
DA:50,6
DA:51,6
DA:52,4
DA:53,4
DA:54,4
DA:55,2
DA:56,2
DA:57,6
DA:58,2
DA:59,2
DA:60,2
DA:61,2
DA:62,6
DA:63,13
DA:64,13
DA:65,52
DA:66,52
DA:67,3
DA:68,0
DA:69,52
DA:70,13
DA:71,13
DA:72,3
DA:73,3
DA:74,3
DA:75,3
DA:76,3
DA:77,3
DA:78,3
DA:79,0
DA:80,0
DA:81,3
DA:82,13
DA:83,13
DA:84,1
DA:85,1
DA:86,1
DA:87,1
DA:88,1
DA:89,1
DA:90,1
DA:91,1
DA:92,1
DA:93,1
DA:94,1
DA:95,1
DA:96,1
DA:97,1
DA:98,1
DA:99,1
DA:100,1
DA:101,1
DA:102,1
DA:103,1
DA:104,0
DA:105,0
DA:106,0
DA:107,0
DA:108,0
DA:109,0
DA:110,0
DA:111,0
DA:112,0
DA:113,0
DA:114,0
DA:115,0
DA:116,0
DA:117,0
DA:118,0
DA:119,0
DA:120,0
DA:121,0
DA:122,0
DA:123,0
DA:124,0
DA:125,0
DA:126,0
DA:127,0
DA:128,0
DA:129,0
DA:130,0
DA:131,0
DA:132,0
DA:133,0
DA:134,0
DA:135,0
DA:136,0
DA:137,0
DA:138,1
DA:139,13
DA:140,13
DA:141,13
DA:142,13
DA:143,13
DA:144,13
DA:145,13
DA:146,13
DA:147,13
DA:148,13
DA:149,13
DA:150,13
DA:151,13
DA:152,13
DA:153,13
DA:154,13
DA:155,13
DA:156,13
DA:157,13
DA:158,13
DA:159,13
DA:160,13
DA:161,13
DA:162,13
DA:163,13
DA:164,13
DA:165,13
DA:166,13
DA:167,13
DA:168,13
DA:169,13
DA:170,13
DA:171,13
DA:172,13
DA:173,13
DA:174,13
DA:175,13
DA:176,13
DA:177,13
DA:178,13
DA:179,13
DA:180,13
DA:181,13
DA:182,13
DA:183,13
DA:184,13
DA:185,13
DA:186,13
DA:187,13
DA:188,13
DA:189,13
DA:190,13
DA:191,13
DA:192,13
DA:193,13
DA:194,13
DA:195,13
DA:196,13
DA:197,13
DA:198,13
DA:199,13
DA:200,13
DA:201,13
DA:202,13
DA:203,13
DA:204,13
DA:205,13
DA:206,13
DA:207,13
DA:208,13
DA:209,13
DA:210,13
DA:211,13
DA:212,13
DA:213,13
DA:214,13
DA:215,13
DA:216,13
DA:217,13
DA:218,13
DA:219,13
DA:220,52
DA:221,52
DA:222,52
DA:223,52
DA:224,13
DA:225,13
DA:226,13
DA:227,2
DA:228,13
DA:229,13
DA:230,13
DA:231,13
DA:232,13
DA:233,13
DA:234,13
DA:235,13
DA:236,13
DA:237,13
DA:238,13
DA:239,13
DA:240,13
DA:241,13
DA:242,13
DA:243,13
DA:244,13
DA:245,13
DA:246,13
DA:247,13
DA:248,13
DA:249,13
DA:250,13
DA:251,13
DA:252,2
DA:253,13
DA:254,13
DA:255,13
DA:256,13
DA:257,13
DA:258,13
DA:259,13
DA:260,13
DA:261,13
DA:262,13
DA:263,13
DA:264,13
DA:265,13
DA:266,13
DA:267,13
DA:268,13
DA:269,13
DA:270,13
DA:271,13
DA:272,13
DA:273,13
DA:274,13
DA:275,13
DA:276,13
DA:277,13
DA:278,13
DA:279,13
DA:280,13
DA:281,2
DA:282,2
DA:283,2
DA:284,13
DA:285,13
DA:286,13
DA:287,13
DA:288,13
DA:289,13
DA:290,13
DA:291,13
DA:292,13
DA:293,13
DA:294,13
DA:295,13
DA:296,13
DA:297,13
DA:298,13
DA:299,13
DA:300,13
DA:301,1
DA:302,1
DA:303,52
DA:304,52
DA:305,52
DA:306,52
DA:307,52
DA:308,52
DA:309,52
DA:310,52
DA:311,52
DA:312,1
DA:313,1
DA:314,1
LF:314
LH:277
BRDA:10,0,0,13
BRDA:201,1,0,0
BRDA:213,2,0,0
BRDA:226,3,0,2
BRDA:236,4,0,0
BRDA:238,5,0,2
BRDA:238,6,0,11
BRDA:248,7,0,0
BRDA:251,8,0,2
BRDA:280,9,0,2
BRDA:29,10,0,6
BRDA:34,11,0,1
BRDA:36,12,0,1
BRDA:41,13,0,5
BRDA:37,14,0,1
BRDA:42,15,0,5
BRDA:49,16,0,6
BRDA:51,17,0,4
BRDA:54,18,0,2
BRDA:57,19,0,0
BRDA:57,20,0,2
BRDA:64,21,0,52
BRDA:65,22,0,49
BRDA:65,23,0,3
BRDA:66,24,0,0
BRDA:66,25,0,3
BRDA:67,26,0,0
BRDA:71,27,0,3
BRDA:78,28,0,2
BRDA:78,29,0,1
BRDA:78,30,0,0
BRDA:73,31,0,3
BRDA:75,32,0,0
BRDA:83,33,0,1
BRDA:88,34,0,0
BRDA:103,35,0,0
BRDA:103,36,0,0
BRDA:101,37,0,2
BRDA:219,38,0,52
BRDA:302,39,0,52
BRF:40
BRH:28
end_of_record
TN:
SF:src\services\api.js
FNF:0
FNH:0
DA:1,1
DA:2,1
DA:3,1
DA:4,1
DA:5,1
DA:6,1
DA:7,1
DA:8,1
DA:9,1
DA:10,1
DA:11,1
DA:12,1
DA:13,3
DA:14,3
DA:15,2
DA:16,2
DA:17,3
DA:18,1
DA:19,1
DA:20,1
DA:21,1
DA:22,1
DA:23,1
DA:24,1
DA:25,5
DA:26,2
DA:27,2
DA:28,2
DA:29,5
DA:30,1
DA:31,1
DA:32,1
DA:33,1
LF:33
LH:33
BRDA:12,0,0,3
BRDA:14,1,0,2
BRDA:19,2,0,1
BRDA:23,3,0,1
BRDA:24,4,0,5
BRDA:25,5,0,4
BRDA:25,6,0,2
BRF:7
BRH:7
end_of_record
TN:
SF:src\services\authService.js
FN:4,login
FN:17,signup
FN:22,logout
FN:26,getToken
FN:29,isAuthenticated
FN:32,getProfile
FN:36,updateProfile
FNF:7
FNH:7
FNDA:5,login
FNDA:2,signup
FNDA:2,logout
FNDA:2,getToken
FNDA:2,isAuthenticated
FNDA:2,getProfile
FNDA:1,updateProfile
DA:1,1
DA:2,1
DA:3,1
DA:4,1
DA:5,5
DA:6,5
DA:7,5
DA:8,5
DA:9,5
DA:10,5
DA:11,5
DA:12,5
DA:13,3
DA:14,3
DA:15,4
DA:16,1
DA:17,1
DA:18,2
DA:19,2
DA:20,1
DA:21,1
DA:22,1
DA:23,2
DA:24,2
DA:25,1
DA:26,1
DA:27,2
DA:28,1
DA:29,1
DA:30,2
DA:31,1
DA:32,1
DA:33,2
DA:34,1
DA:35,1
DA:36,1
DA:37,1
DA:38,1
DA:39,1
DA:40,1
LF:40
LH:40
BRDA:4,0,0,5
BRDA:11,1,0,4
BRDA:12,2,0,3
BRDA:14,3,0,4
BRDA:17,4,0,2
BRDA:19,5,0,1
BRDA:22,6,0,2
BRDA:26,7,0,2
BRDA:29,8,0,2
BRDA:32,9,0,2
BRDA:33,10,0,1
BRDA:36,11,0,1
BRF:12
BRH:12
end_of_record
TN:
SF:src\services\notificationService.js
FN:4,getAll
FN:14,getUnread
FN:24,create
FN:38,markAsRead
FNF:4
FNH:4
FNDA:3,getAll
FNDA:3,getUnread
FNDA:3,create
FNDA:3,markAsRead
DA:1,1
DA:2,1
DA:3,1
DA:4,1
DA:5,3
DA:6,3
DA:7,2
DA:8,3
DA:9,1
DA:10,1
DA:11,1
DA:12,1
DA:13,1
DA:14,1
DA:15,3
DA:16,3
DA:17,2
DA:18,3
DA:19,1
DA:20,1
DA:21,1
DA:22,1
DA:23,1
DA:24,1
DA:25,3
DA:26,3
DA:27,3
DA:28,3
DA:29,3
DA:30,3
DA:31,2
DA:32,3
DA:33,1
DA:34,1
DA:35,1
DA:36,1
DA:37,1
DA:38,1
DA:39,3
DA:40,3
DA:41,2
DA:42,3
DA:43,1
DA:44,1
DA:45,1
DA:46,1
DA:47,1
LF:47
LH:47
BRDA:4,0,0,3
BRDA:6,1,0,2
BRDA:8,2,0,1
BRDA:14,3,0,3
BRDA:16,4,0,2
BRDA:18,5,0,1
BRDA:24,6,0,3
BRDA:30,7,0,2
BRDA:32,8,0,1
BRDA:38,9,0,3
BRDA:40,10,0,2
BRDA:42,11,0,1
BRF:12
BRH:12
end_of_record
TN:
SF:src\services\potService.js
FN:4,getPotlines
FN:9,getPots
FN:15,getLayerLatest
FN:21,getLayerRange
FN:28,getLog1hRange
FN:35,getDailyLatest
FN:41,getStatsTrend
FN:47,getRecommendations
FN:53,getDashboardData
FNF:9
FNH:1
FNDA:0,getPotlines
FNDA:0,getPots
FNDA:0,getLayerLatest
FNDA:0,getLayerRange
FNDA:0,getLog1hRange
FNDA:4,getDailyLatest
FNDA:0,getStatsTrend
FNDA:0,getRecommendations
FNDA:0,getDashboardData
DA:1,1
DA:2,1
DA:3,1
DA:4,1
DA:5,0
DA:6,0
DA:7,1
DA:8,1
DA:9,1
DA:10,0
DA:11,0
DA:12,0
DA:13,1
DA:14,1
DA:15,1
DA:16,0
DA:17,0
DA:18,0
DA:19,1
DA:20,1
DA:21,1
DA:22,0
DA:23,0
DA:24,0
DA:25,0
DA:26,1
DA:27,1
DA:28,1
DA:29,0
DA:30,0
DA:31,0
DA:32,0
DA:33,1
DA:34,1
DA:35,1
DA:36,4
DA:37,4
DA:38,4
DA:39,1
DA:40,1
DA:41,1
DA:42,0
DA:43,0
DA:44,0
DA:45,1
DA:46,1
DA:47,1
DA:48,0
DA:49,0
DA:50,1
DA:51,1
DA:52,1
DA:53,1
DA:54,0
DA:55,0
DA:56,0
DA:57,0
DA:58,0
DA:59,0
DA:60,0
DA:61,0
DA:62,0
DA:63,1
DA:64,1
LF:64
LH:34
BRDA:35,0,0,4
BRDA:36,1,0,0
BRF:2
BRH:1
end_of_record
